{
  "stats": {
    "suites": 18,
    "tests": 45,
    "passes": 45,
    "pending": 0,
    "failures": 0,
    "start": "2021-01-18T00:06:52.551Z",
    "end": "2021-01-18T00:09:25.634Z",
    "duration": 153083,
    "testsRegistered": 45,
    "passPercent": 100,
    "pendingPercent": 0,
    "other": 0,
    "hasOther": false,
    "skipped": 0,
    "hasSkipped": false
  },
  "results": [
    {
      "uuid": "6dba256f-c482-476e-9557-6bc39dcdd41e",
      "title": "",
      "fullFile": "",
      "file": "",
      "beforeHooks": [],
      "afterHooks": [],
      "tests": [],
      "suites": [
        {
          "uuid": "7543e94d-849b-457c-bffe-63d4123f0e58",
          "title": "1 - [TELA DE LOGIN] Crie a tela de login, onde a pessoa que joga deve preencher as informações para iniciar um jogo",
          "fullFile": "",
          "file": "",
          "beforeHooks": [],
          "afterHooks": [],
          "tests": [
            {
              "title": "Escreve o nome da pessoa jogadora",
              "fullTitle": "1 - [TELA DE LOGIN] Crie a tela de login, onde a pessoa que joga deve preencher as informações para iniciar um jogo Escreve o nome da pessoa jogadora",
              "timedOut": null,
              "duration": 3361,
              "state": "passed",
              "speed": "slow",
              "pass": true,
              "fail": false,
              "pending": false,
              "context": null,
              "code": "cy.get(INPUT_PLAYER_NAME_SELECTOR).type('Nome da pessoa');",
              "err": {},
              "uuid": "ee6b3463-4cea-4fd0-805f-007fbce3e1a7",
              "parentUUID": "7543e94d-849b-457c-bffe-63d4123f0e58",
              "isHook": false,
              "skipped": false
            },
            {
              "title": "Escreve o email da pessoa jogadora",
              "fullTitle": "1 - [TELA DE LOGIN] Crie a tela de login, onde a pessoa que joga deve preencher as informações para iniciar um jogo Escreve o email da pessoa jogadora",
              "timedOut": null,
              "duration": 1202,
              "state": "passed",
              "speed": "slow",
              "pass": true,
              "fail": false,
              "pending": false,
              "context": null,
              "code": "cy.get(INPUT_PLAYER_EMAIL_SELECTOR).type('email@pessoa.com');",
              "err": {},
              "uuid": "d7d88964-c072-48ef-a98c-95d206fef3d8",
              "parentUUID": "7543e94d-849b-457c-bffe-63d4123f0e58",
              "isHook": false,
              "skipped": false
            },
            {
              "title": "Botão Jogar desabilitado quando pessoa jogadora não preencher nenhum campo",
              "fullTitle": "1 - [TELA DE LOGIN] Crie a tela de login, onde a pessoa que joga deve preencher as informações para iniciar um jogo Botão Jogar desabilitado quando pessoa jogadora não preencher nenhum campo",
              "timedOut": null,
              "duration": 351,
              "state": "passed",
              "speed": "slow",
              "pass": true,
              "fail": false,
              "pending": false,
              "context": null,
              "code": "cy.get(BUTTON_PLAY_SELECTOR).should('be.disabled');",
              "err": {},
              "uuid": "216dd718-bd39-44b2-a205-0734a5fe471d",
              "parentUUID": "7543e94d-849b-457c-bffe-63d4123f0e58",
              "isHook": false,
              "skipped": false
            },
            {
              "title": "Botão Jogar desabilitado quando pessoa jogadora escrever apenas o nome",
              "fullTitle": "1 - [TELA DE LOGIN] Crie a tela de login, onde a pessoa que joga deve preencher as informações para iniciar um jogo Botão Jogar desabilitado quando pessoa jogadora escrever apenas o nome",
              "timedOut": null,
              "duration": 857,
              "state": "passed",
              "speed": "slow",
              "pass": true,
              "fail": false,
              "pending": false,
              "context": null,
              "code": "cy.get(INPUT_PLAYER_NAME_SELECTOR).type('Nome da pessoa');\ncy.get(BUTTON_PLAY_SELECTOR).should('be.disabled');",
              "err": {},
              "uuid": "208dae5a-6122-45c3-953c-43a6eec13495",
              "parentUUID": "7543e94d-849b-457c-bffe-63d4123f0e58",
              "isHook": false,
              "skipped": false
            },
            {
              "title": "Botão Jogar desabilitado quando pessoa jogadora escrever apenas o email",
              "fullTitle": "1 - [TELA DE LOGIN] Crie a tela de login, onde a pessoa que joga deve preencher as informações para iniciar um jogo Botão Jogar desabilitado quando pessoa jogadora escrever apenas o email",
              "timedOut": null,
              "duration": 895,
              "state": "passed",
              "speed": "slow",
              "pass": true,
              "fail": false,
              "pending": false,
              "context": null,
              "code": "cy.get(INPUT_PLAYER_EMAIL_SELECTOR).type('email@pessoa.com');\ncy.get(BUTTON_PLAY_SELECTOR).should('be.disabled');",
              "err": {},
              "uuid": "1456de8f-d61a-4a18-b3f2-3272dd696bab",
              "parentUUID": "7543e94d-849b-457c-bffe-63d4123f0e58",
              "isHook": false,
              "skipped": false
            },
            {
              "title": "Botão Jogar habilitado quando pessoa jogadora preencher os campos de nome e email",
              "fullTitle": "1 - [TELA DE LOGIN] Crie a tela de login, onde a pessoa que joga deve preencher as informações para iniciar um jogo Botão Jogar habilitado quando pessoa jogadora preencher os campos de nome e email",
              "timedOut": null,
              "duration": 1510,
              "state": "passed",
              "speed": "slow",
              "pass": true,
              "fail": false,
              "pending": false,
              "context": null,
              "code": "cy.get(INPUT_PLAYER_NAME_SELECTOR).type('Nome da pessoa');\ncy.get(INPUT_PLAYER_EMAIL_SELECTOR).type('email@pessoa.com');\ncy.get(BUTTON_PLAY_SELECTOR).should('not.be.disabled');",
              "err": {},
              "uuid": "709df7cf-2fa5-48a8-b436-961116b71989",
              "parentUUID": "7543e94d-849b-457c-bffe-63d4123f0e58",
              "isHook": false,
              "skipped": false
            }
          ],
          "suites": [],
          "passes": [
            "ee6b3463-4cea-4fd0-805f-007fbce3e1a7",
            "d7d88964-c072-48ef-a98c-95d206fef3d8",
            "216dd718-bd39-44b2-a205-0734a5fe471d",
            "208dae5a-6122-45c3-953c-43a6eec13495",
            "1456de8f-d61a-4a18-b3f2-3272dd696bab",
            "709df7cf-2fa5-48a8-b436-961116b71989"
          ],
          "failures": [],
          "pending": [],
          "skipped": [],
          "duration": 8176,
          "root": false,
          "rootEmpty": false,
          "_timeout": 2000
        },
        {
          "uuid": "adb92cf7-7aca-4bb1-bf16-b9091ea3e34c",
          "title": "2 - [TELA DE LOGIN] Crie o botão de iniciar o jogo",
          "fullFile": "",
          "file": "",
          "beforeHooks": [],
          "afterHooks": [],
          "tests": [
            {
              "title": "Inicia jogo salvando um token de jogador",
              "fullTitle": "2 - [TELA DE LOGIN] Crie o botão de iniciar o jogo Inicia jogo salvando um token de jogador",
              "timedOut": null,
              "duration": 2143,
              "state": "passed",
              "speed": "slow",
              "pass": true,
              "fail": false,
              "pending": false,
              "context": null,
              "code": "cy.get(INPUT_PLAYER_NAME_SELECTOR).type('Nome da pessoa');\ncy.get(INPUT_PLAYER_EMAIL_SELECTOR).type('email@pessoa.com');\ncy.get(BUTTON_PLAY_SELECTOR).click().should(function () {\n  expect(localStorage.getItem(TOKEN_KEY)).not.to.be.null;\n});",
              "err": {},
              "uuid": "6a6b6dc4-918e-4193-ae91-6c1db42158b9",
              "parentUUID": "adb92cf7-7aca-4bb1-bf16-b9091ea3e34c",
              "isHook": false,
              "skipped": false
            }
          ],
          "suites": [],
          "passes": [
            "6a6b6dc4-918e-4193-ae91-6c1db42158b9"
          ],
          "failures": [],
          "pending": [],
          "skipped": [],
          "duration": 2143,
          "root": false,
          "rootEmpty": false,
          "_timeout": 2000
        },
        {
          "uuid": "6c3bc029-6af1-4fc3-af16-3122a2ec16ae",
          "title": "3 - [TELA DE LOGIN] Crie um botão na tela inicial que leve para a tela de configurações",
          "fullFile": "",
          "file": "",
          "beforeHooks": [],
          "afterHooks": [],
          "tests": [
            {
              "title": "O botão deve existir na página",
              "fullTitle": "3 - [TELA DE LOGIN] Crie um botão na tela inicial que leve para a tela de configurações O botão deve existir na página",
              "timedOut": null,
              "duration": 528,
              "state": "passed",
              "speed": "slow",
              "pass": true,
              "fail": false,
              "pending": false,
              "context": null,
              "code": "cy.get(BUTTON_SETTINGS_SELECTOR).should('exist');",
              "err": {},
              "uuid": "aac0f98b-e5bc-4a2c-a4c4-d78d73141451",
              "parentUUID": "6c3bc029-6af1-4fc3-af16-3122a2ec16ae",
              "isHook": false,
              "skipped": false
            },
            {
              "title": "A tela de configurações deve possuir um título",
              "fullTitle": "3 - [TELA DE LOGIN] Crie um botão na tela inicial que leve para a tela de configurações A tela de configurações deve possuir um título",
              "timedOut": null,
              "duration": 383,
              "state": "passed",
              "speed": "slow",
              "pass": true,
              "fail": false,
              "pending": false,
              "context": null,
              "code": "cy.get(BUTTON_SETTINGS_SELECTOR).click();\ncy.get(SETTINGS_TITLE_SELECTOR).should('exist');",
              "err": {},
              "uuid": "a7e57e5f-4523-4cbf-a9e3-2bfb75c3db56",
              "parentUUID": "6c3bc029-6af1-4fc3-af16-3122a2ec16ae",
              "isHook": false,
              "skipped": false
            }
          ],
          "suites": [],
          "passes": [
            "aac0f98b-e5bc-4a2c-a4c4-d78d73141451",
            "a7e57e5f-4523-4cbf-a9e3-2bfb75c3db56"
          ],
          "failures": [],
          "pending": [],
          "skipped": [],
          "duration": 911,
          "root": false,
          "rootEmpty": false,
          "_timeout": 2000
        },
        {
          "uuid": "691ee9b6-a0fe-4f35-b2d8-19154e54ec33",
          "title": "4 - [TELA DE JOGO] Crie um _header_ que deve conter as informações da pessoa jogadora",
          "fullFile": "",
          "file": "",
          "beforeHooks": [],
          "afterHooks": [],
          "tests": [
            {
              "title": "A imagem do Gravatar está presente no header",
              "fullTitle": "4 - [TELA DE JOGO] Crie um _header_ que deve conter as informações da pessoa jogadora A imagem do Gravatar está presente no header",
              "timedOut": null,
              "duration": 1812,
              "state": "passed",
              "speed": "slow",
              "pass": true,
              "fail": false,
              "pending": false,
              "context": null,
              "code": "cy.get(HEADER_IMAGE_SELECTOR).should('exist');",
              "err": {},
              "uuid": "3c04d8ee-ea76-442b-8104-4b011b3b9af7",
              "parentUUID": "691ee9b6-a0fe-4f35-b2d8-19154e54ec33",
              "isHook": false,
              "skipped": false
            },
            {
              "title": "O nome da pessoa está presente no header",
              "fullTitle": "4 - [TELA DE JOGO] Crie um _header_ que deve conter as informações da pessoa jogadora O nome da pessoa está presente no header",
              "timedOut": null,
              "duration": 1566,
              "state": "passed",
              "speed": "slow",
              "pass": true,
              "fail": false,
              "pending": false,
              "context": null,
              "code": "cy.get(HEADER_NAME_SELECTOR).contains(name);",
              "err": {},
              "uuid": "c6089006-909d-4dc0-a318-3d2e98330fff",
              "parentUUID": "691ee9b6-a0fe-4f35-b2d8-19154e54ec33",
              "isHook": false,
              "skipped": false
            },
            {
              "title": "O placar zerado está presente no header",
              "fullTitle": "4 - [TELA DE JOGO] Crie um _header_ que deve conter as informações da pessoa jogadora O placar zerado está presente no header",
              "timedOut": null,
              "duration": 1650,
              "state": "passed",
              "speed": "slow",
              "pass": true,
              "fail": false,
              "pending": false,
              "context": null,
              "code": "cy.get(HEADER_SCORE_SELECTOR).contains('0');",
              "err": {},
              "uuid": "1d62602f-cbf4-4773-875d-7df5bf8f13e9",
              "parentUUID": "691ee9b6-a0fe-4f35-b2d8-19154e54ec33",
              "isHook": false,
              "skipped": false
            }
          ],
          "suites": [],
          "passes": [
            "3c04d8ee-ea76-442b-8104-4b011b3b9af7",
            "c6089006-909d-4dc0-a318-3d2e98330fff",
            "1d62602f-cbf4-4773-875d-7df5bf8f13e9"
          ],
          "failures": [],
          "pending": [],
          "skipped": [],
          "duration": 5028,
          "root": false,
          "rootEmpty": false,
          "_timeout": 2000
        },
        {
          "uuid": "795e27c6-0a95-492e-9f02-7ac114e46314",
          "title": "5 - [TELA DE JOGO] Crie a página de jogo que deve conter as informações relacionadas à pergunta",
          "fullFile": "",
          "file": "",
          "beforeHooks": [],
          "afterHooks": [],
          "tests": [
            {
              "title": "A categoria da pergunta está presente",
              "fullTitle": "5 - [TELA DE JOGO] Crie a página de jogo que deve conter as informações relacionadas à pergunta A categoria da pergunta está presente",
              "timedOut": null,
              "duration": 1849,
              "state": "passed",
              "speed": "slow",
              "pass": true,
              "fail": false,
              "pending": false,
              "context": null,
              "code": "cy.get(QUESTION_CATEGORY_SELECTOR).should('exist');",
              "err": {},
              "uuid": "3a4df88b-4051-4bfd-a86f-acbe07ef6084",
              "parentUUID": "795e27c6-0a95-492e-9f02-7ac114e46314",
              "isHook": false,
              "skipped": false
            },
            {
              "title": "O texto da pergunta está presente",
              "fullTitle": "5 - [TELA DE JOGO] Crie a página de jogo que deve conter as informações relacionadas à pergunta O texto da pergunta está presente",
              "timedOut": null,
              "duration": 1981,
              "state": "passed",
              "speed": "slow",
              "pass": true,
              "fail": false,
              "pending": false,
              "context": null,
              "code": "cy.get(QUESTION_TEXT_SELECTOR).should('exist');",
              "err": {},
              "uuid": "f13c4585-f1f3-43d4-a45a-b1f944beb1a7",
              "parentUUID": "795e27c6-0a95-492e-9f02-7ac114e46314",
              "isHook": false,
              "skipped": false
            },
            {
              "title": "As alternativas devem estar presentes",
              "fullTitle": "5 - [TELA DE JOGO] Crie a página de jogo que deve conter as informações relacionadas à pergunta As alternativas devem estar presentes",
              "timedOut": null,
              "duration": 1792,
              "state": "passed",
              "speed": "slow",
              "pass": true,
              "fail": false,
              "pending": false,
              "context": null,
              "code": "cy.get(CORRECT_ALTERNATIVE_SELECTOR).should('exist');\ncy.get(WRONG_ALTERNATIVES_SELECTOR).should('exist');",
              "err": {},
              "uuid": "e4e50d6d-91ff-430a-aa58-b8049ff182a7",
              "parentUUID": "795e27c6-0a95-492e-9f02-7ac114e46314",
              "isHook": false,
              "skipped": false
            }
          ],
          "suites": [],
          "passes": [
            "3a4df88b-4051-4bfd-a86f-acbe07ef6084",
            "f13c4585-f1f3-43d4-a45a-b1f944beb1a7",
            "e4e50d6d-91ff-430a-aa58-b8049ff182a7"
          ],
          "failures": [],
          "pending": [],
          "skipped": [],
          "duration": 5622,
          "root": false,
          "rootEmpty": false,
          "_timeout": 2000
        },
        {
          "uuid": "ec54bae0-821c-4458-8cbe-fdea07bfbecc",
          "title": "6 - [TELA DE JOGO] Desenvolva o jogo onde só deve ser possível escolher uma resposta correta por pergunta",
          "fullFile": "",
          "file": "",
          "beforeHooks": [],
          "afterHooks": [],
          "tests": [
            {
              "title": "A quantidade de respostas corretas deve ser 1",
              "fullTitle": "6 - [TELA DE JOGO] Desenvolva o jogo onde só deve ser possível escolher uma resposta correta por pergunta A quantidade de respostas corretas deve ser 1",
              "timedOut": null,
              "duration": 1812,
              "state": "passed",
              "speed": "slow",
              "pass": true,
              "fail": false,
              "pending": false,
              "context": null,
              "code": "cy.get(CORRECT_ALTERNATIVE_SELECTOR).should('have.length', 1);",
              "err": {},
              "uuid": "b7e792ab-537c-4d0a-8dd4-0f426804805b",
              "parentUUID": "ec54bae0-821c-4458-8cbe-fdea07bfbecc",
              "isHook": false,
              "skipped": false
            }
          ],
          "suites": [],
          "passes": [
            "b7e792ab-537c-4d0a-8dd4-0f426804805b"
          ],
          "failures": [],
          "pending": [],
          "skipped": [],
          "duration": 1812,
          "root": false,
          "rootEmpty": false,
          "_timeout": 2000
        },
        {
          "uuid": "5f8d1eaa-ecd3-4125-aa4c-94ad5f3036d6",
          "title": "7 - [TELA DE JOGO] Desenvolva o estilo que, ao clicar em uma resposta, a correta deve ficar verde e as incorretas, vermelhas",
          "fullFile": "",
          "file": "",
          "beforeHooks": [],
          "afterHooks": [],
          "tests": [
            {
              "title": "Verifica cor da alternativa correta quando acerta a questão",
              "fullTitle": "7 - [TELA DE JOGO] Desenvolva o estilo que, ao clicar em uma resposta, a correta deve ficar verde e as incorretas, vermelhas Verifica cor da alternativa correta quando acerta a questão",
              "timedOut": null,
              "duration": 1820,
              "state": "passed",
              "speed": "slow",
              "pass": true,
              "fail": false,
              "pending": false,
              "context": null,
              "code": "cy.get(CORRECT_ALTERNATIVE_SELECTOR).click();\ncy.get(CORRECT_ALTERNATIVE_SELECTOR).should('have.css', 'border-color', 'rgb(6, 240, 15)');\ncy.get(CORRECT_ALTERNATIVE_SELECTOR).should('have.css', 'border-style', 'solid');\ncy.get(CORRECT_ALTERNATIVE_SELECTOR).should('have.css', 'border-width', '3px');",
              "err": {},
              "uuid": "826769d3-9335-46f9-b9a6-2133cb5f6320",
              "parentUUID": "5f8d1eaa-ecd3-4125-aa4c-94ad5f3036d6",
              "isHook": false,
              "skipped": false
            },
            {
              "title": "Verifica a cor das alternativas incorretas quando acerta a questão",
              "fullTitle": "7 - [TELA DE JOGO] Desenvolva o estilo que, ao clicar em uma resposta, a correta deve ficar verde e as incorretas, vermelhas Verifica a cor das alternativas incorretas quando acerta a questão",
              "timedOut": null,
              "duration": 1946,
              "state": "passed",
              "speed": "slow",
              "pass": true,
              "fail": false,
              "pending": false,
              "context": null,
              "code": "cy.get(CORRECT_ALTERNATIVE_SELECTOR).click();\ncy.get(WRONG_ALTERNATIVES_SELECTOR).should('have.css', 'border-color', 'rgb(255, 0, 0)');\ncy.get(WRONG_ALTERNATIVES_SELECTOR).should('have.css', 'border-style', 'solid');\ncy.get(WRONG_ALTERNATIVES_SELECTOR).should('have.css', 'border-width', '3px');",
              "err": {},
              "uuid": "a9226fad-b2b0-41b7-ad6d-1ca70855d9bf",
              "parentUUID": "5f8d1eaa-ecd3-4125-aa4c-94ad5f3036d6",
              "isHook": false,
              "skipped": false
            },
            {
              "title": "Verifica cor da alternativa correta quando erra a questão",
              "fullTitle": "7 - [TELA DE JOGO] Desenvolva o estilo que, ao clicar em uma resposta, a correta deve ficar verde e as incorretas, vermelhas Verifica cor da alternativa correta quando erra a questão",
              "timedOut": null,
              "duration": 1902,
              "state": "passed",
              "speed": "slow",
              "pass": true,
              "fail": false,
              "pending": false,
              "context": null,
              "code": "cy.get(WRONG_ALTERNATIVES_SELECTOR).first().click();\ncy.get(CORRECT_ALTERNATIVE_SELECTOR).should('have.css', 'border-color', 'rgb(6, 240, 15)');\ncy.get(CORRECT_ALTERNATIVE_SELECTOR).should('have.css', 'border-style', 'solid');\ncy.get(CORRECT_ALTERNATIVE_SELECTOR).should('have.css', 'border-width', '3px');",
              "err": {},
              "uuid": "69157457-5182-4599-bc50-b04daf826216",
              "parentUUID": "5f8d1eaa-ecd3-4125-aa4c-94ad5f3036d6",
              "isHook": false,
              "skipped": false
            },
            {
              "title": "Verifica a cor das alternativas incorretas quando erra a questão",
              "fullTitle": "7 - [TELA DE JOGO] Desenvolva o estilo que, ao clicar em uma resposta, a correta deve ficar verde e as incorretas, vermelhas Verifica a cor das alternativas incorretas quando erra a questão",
              "timedOut": null,
              "duration": 1924,
              "state": "passed",
              "speed": "slow",
              "pass": true,
              "fail": false,
              "pending": false,
              "context": null,
              "code": "cy.get(WRONG_ALTERNATIVES_SELECTOR).first().click();\ncy.get(WRONG_ALTERNATIVES_SELECTOR).should('have.css', 'border-color', 'rgb(255, 0, 0)');\ncy.get(WRONG_ALTERNATIVES_SELECTOR).should('have.css', 'border-style', 'solid');\ncy.get(WRONG_ALTERNATIVES_SELECTOR).should('have.css', 'border-width', '3px');",
              "err": {},
              "uuid": "35f8d6bc-aecb-4c2c-98a5-6ca262beb37f",
              "parentUUID": "5f8d1eaa-ecd3-4125-aa4c-94ad5f3036d6",
              "isHook": false,
              "skipped": false
            }
          ],
          "suites": [],
          "passes": [
            "826769d3-9335-46f9-b9a6-2133cb5f6320",
            "a9226fad-b2b0-41b7-ad6d-1ca70855d9bf",
            "69157457-5182-4599-bc50-b04daf826216",
            "35f8d6bc-aecb-4c2c-98a5-6ca262beb37f"
          ],
          "failures": [],
          "pending": [],
          "skipped": [],
          "duration": 7592,
          "root": false,
          "rootEmpty": false,
          "_timeout": 2000
        },
        {
          "uuid": "5a8222c6-07c5-4b81-9c9e-304659ba4667",
          "title": "8 - [TELA DE JOGO] Desenvolva um timer onde a pessoa que joga tem 30 segundos para responder",
          "fullFile": "",
          "file": "",
          "beforeHooks": [],
          "afterHooks": [],
          "tests": [
            {
              "title": "Aguarda 5 segundos e responde a alternativa correta",
              "fullTitle": "8 - [TELA DE JOGO] Desenvolva um timer onde a pessoa que joga tem 30 segundos para responder Aguarda 5 segundos e responde a alternativa correta",
              "timedOut": null,
              "duration": 6655,
              "state": "passed",
              "speed": "slow",
              "pass": true,
              "fail": false,
              "pending": false,
              "context": null,
              "code": "cy.wait(5000);\ncy.get(CORRECT_ALTERNATIVE_SELECTOR).should('not.be.disabled').click();",
              "err": {},
              "uuid": "5c8b44aa-3d99-4d42-8f90-262b4fb29aa9",
              "parentUUID": "5a8222c6-07c5-4b81-9c9e-304659ba4667",
              "isHook": false,
              "skipped": false
            },
            {
              "title": "Aguarda mais de 30 segundos para responder",
              "fullTitle": "8 - [TELA DE JOGO] Desenvolva um timer onde a pessoa que joga tem 30 segundos para responder Aguarda mais de 30 segundos para responder",
              "timedOut": null,
              "duration": 33588,
              "state": "passed",
              "speed": "slow",
              "pass": true,
              "fail": false,
              "pending": false,
              "context": null,
              "code": "cy.wait(32000);\ncy.get(CORRECT_ALTERNATIVE_SELECTOR).should('be.disabled');",
              "err": {},
              "uuid": "d1a3a90c-540d-4854-b6df-bc92b06a06c1",
              "parentUUID": "5a8222c6-07c5-4b81-9c9e-304659ba4667",
              "isHook": false,
              "skipped": false
            }
          ],
          "suites": [],
          "passes": [
            "5c8b44aa-3d99-4d42-8f90-262b4fb29aa9",
            "d1a3a90c-540d-4854-b6df-bc92b06a06c1"
          ],
          "failures": [],
          "pending": [],
          "skipped": [],
          "duration": 40243,
          "root": false,
          "rootEmpty": false,
          "_timeout": 2000
        },
        {
          "uuid": "104ef6b1-f38b-411f-97d9-b60b563e1b4b",
          "title": "9 - [TELA DE JOGO] Crie o placar com as seguintes características:",
          "fullFile": "",
          "file": "",
          "beforeHooks": [],
          "afterHooks": [],
          "tests": [
            {
              "title": "Soma pontos ao acertar uma questão",
              "fullTitle": "9 - [TELA DE JOGO] Crie o placar com as seguintes características: Soma pontos ao acertar uma questão",
              "timedOut": null,
              "duration": 2304,
              "state": "passed",
              "speed": "slow",
              "pass": true,
              "fail": false,
              "pending": false,
              "context": null,
              "code": "var then = JSON.parse(localStorage.getItem(LOCAL_STORAGE_STATE_KEY));\ncy.get(CORRECT_ALTERNATIVE_SELECTOR).click().then(function () {\n  var now = JSON.parse(localStorage.getItem(LOCAL_STORAGE_STATE_KEY));\n  expect(then.player.score).to.be.lt(now.player.score);\n});",
              "err": {},
              "uuid": "91a68afa-3dd8-4fd4-b39e-82db3952427f",
              "parentUUID": "104ef6b1-f38b-411f-97d9-b60b563e1b4b",
              "isHook": false,
              "skipped": false
            },
            {
              "title": "Não soma pontos ao errar uma questão",
              "fullTitle": "9 - [TELA DE JOGO] Crie o placar com as seguintes características: Não soma pontos ao errar uma questão",
              "timedOut": null,
              "duration": 1840,
              "state": "passed",
              "speed": "slow",
              "pass": true,
              "fail": false,
              "pending": false,
              "context": null,
              "code": "var then = JSON.parse(localStorage.getItem(LOCAL_STORAGE_STATE_KEY));\ncy.get(WRONG_ALTERNATIVES_SELECTOR).first().click().then(function () {\n  var now = JSON.parse(localStorage.getItem(LOCAL_STORAGE_STATE_KEY));\n  expect(then.player.score).to.be.eq(now.player.score);\n});",
              "err": {},
              "uuid": "a3a8f84c-4468-4b31-a1b5-4b09c824c954",
              "parentUUID": "104ef6b1-f38b-411f-97d9-b60b563e1b4b",
              "isHook": false,
              "skipped": false
            }
          ],
          "suites": [],
          "passes": [
            "91a68afa-3dd8-4fd4-b39e-82db3952427f",
            "a3a8f84c-4468-4b31-a1b5-4b09c824c954"
          ],
          "failures": [],
          "pending": [],
          "skipped": [],
          "duration": 4144,
          "root": false,
          "rootEmpty": false,
          "_timeout": 2000
        },
        {
          "uuid": "efe52235-9a7b-4c8c-a537-60ad38e9aaa3",
          "title": "10 - [TELA DE JOGO] Crie um botão de \"Próxima\" que apareça após a resposta ser dada",
          "fullFile": "",
          "file": "",
          "beforeHooks": [],
          "afterHooks": [],
          "tests": [
            {
              "title": "O botão de próxima pergunta não deve ser visível o início do jogo",
              "fullTitle": "10 - [TELA DE JOGO] Crie um botão de \"Próxima\" que apareça após a resposta ser dada O botão de próxima pergunta não deve ser visível o início do jogo",
              "timedOut": null,
              "duration": 1830,
              "state": "passed",
              "speed": "slow",
              "pass": true,
              "fail": false,
              "pending": false,
              "context": null,
              "code": "cy.get(BUTTON_NEXT_QUESTION_SELECTOR).should('not.be.visible');",
              "err": {},
              "uuid": "6859b50a-56cb-4744-8fe8-c15c6b3f49fb",
              "parentUUID": "efe52235-9a7b-4c8c-a537-60ad38e9aaa3",
              "isHook": false,
              "skipped": false
            },
            {
              "title": "Botão de próxima pergunta é visível quando a pergunta é respondida corretamente",
              "fullTitle": "10 - [TELA DE JOGO] Crie um botão de \"Próxima\" que apareça após a resposta ser dada Botão de próxima pergunta é visível quando a pergunta é respondida corretamente",
              "timedOut": null,
              "duration": 1773,
              "state": "passed",
              "speed": "slow",
              "pass": true,
              "fail": false,
              "pending": false,
              "context": null,
              "code": "cy.get(CORRECT_ALTERNATIVE_SELECTOR).click();\ncy.get(BUTTON_NEXT_QUESTION_SELECTOR).should('be.visible');",
              "err": {},
              "uuid": "327240fe-1ead-4d6a-b2bd-38ead06051f9",
              "parentUUID": "efe52235-9a7b-4c8c-a537-60ad38e9aaa3",
              "isHook": false,
              "skipped": false
            },
            {
              "title": "Botão de próxima pergunta é visível quando a pergunta é respondida incorretamente",
              "fullTitle": "10 - [TELA DE JOGO] Crie um botão de \"Próxima\" que apareça após a resposta ser dada Botão de próxima pergunta é visível quando a pergunta é respondida incorretamente",
              "timedOut": null,
              "duration": 1992,
              "state": "passed",
              "speed": "slow",
              "pass": true,
              "fail": false,
              "pending": false,
              "context": null,
              "code": "cy.get(WRONG_ALTERNATIVES_SELECTOR).first().click();\ncy.get(BUTTON_NEXT_QUESTION_SELECTOR).should('be.visible');",
              "err": {},
              "uuid": "57696414-edc1-4644-bba6-b06555c95f13",
              "parentUUID": "efe52235-9a7b-4c8c-a537-60ad38e9aaa3",
              "isHook": false,
              "skipped": false
            }
          ],
          "suites": [],
          "passes": [
            "6859b50a-56cb-4744-8fe8-c15c6b3f49fb",
            "327240fe-1ead-4d6a-b2bd-38ead06051f9",
            "57696414-edc1-4644-bba6-b06555c95f13"
          ],
          "failures": [],
          "pending": [],
          "skipped": [],
          "duration": 5595,
          "root": false,
          "rootEmpty": false,
          "_timeout": 2000
        },
        {
          "uuid": "8eee287d-9f5b-452b-9fb9-4f075cb6603d",
          "title": "11 - [TELA DE JOGO] Desenvolva o jogo de forma que a pessoa que joga deve responder 5 perguntas no total",
          "fullFile": "",
          "file": "",
          "beforeHooks": [],
          "afterHooks": [],
          "tests": [
            {
              "title": "Acerta todas as perguntas",
              "fullTitle": "11 - [TELA DE JOGO] Desenvolva o jogo de forma que a pessoa que joga deve responder 5 perguntas no total Acerta todas as perguntas",
              "timedOut": null,
              "duration": 2727,
              "state": "passed",
              "speed": "slow",
              "pass": true,
              "fail": false,
              "pending": false,
              "context": null,
              "code": "var before = JSON.parse(localStorage.getItem(LOCAL_STORAGE_STATE_KEY));\ncy.get(CORRECT_ALTERNATIVE_SELECTOR).click();\ncy.get(BUTTON_NEXT_QUESTION_SELECTOR).click();\ncy.get(CORRECT_ALTERNATIVE_SELECTOR).click();\ncy.get(BUTTON_NEXT_QUESTION_SELECTOR).click();\ncy.get(CORRECT_ALTERNATIVE_SELECTOR).click();\ncy.get(BUTTON_NEXT_QUESTION_SELECTOR).click();\ncy.get(CORRECT_ALTERNATIVE_SELECTOR).click();\ncy.get(BUTTON_NEXT_QUESTION_SELECTOR).click();\ncy.get(CORRECT_ALTERNATIVE_SELECTOR).click().then(function () {\n  var after = JSON.parse(localStorage.getItem(LOCAL_STORAGE_STATE_KEY));\n  expect(before.player.score).to.be.lt(after.player.score);\n});",
              "err": {},
              "uuid": "18da255c-26c8-4dbd-aeca-61c1509d20aa",
              "parentUUID": "8eee287d-9f5b-452b-9fb9-4f075cb6603d",
              "isHook": false,
              "skipped": false
            },
            {
              "title": "Erra todas as perguntas",
              "fullTitle": "11 - [TELA DE JOGO] Desenvolva o jogo de forma que a pessoa que joga deve responder 5 perguntas no total Erra todas as perguntas",
              "timedOut": null,
              "duration": 3043,
              "state": "passed",
              "speed": "slow",
              "pass": true,
              "fail": false,
              "pending": false,
              "context": null,
              "code": "var before = JSON.parse(localStorage.getItem(LOCAL_STORAGE_STATE_KEY));\ncy.get(WRONG_ALTERNATIVES_SELECTOR).first().click();\ncy.get(BUTTON_NEXT_QUESTION_SELECTOR).click();\ncy.get(WRONG_ALTERNATIVES_SELECTOR).first().click();\ncy.get(BUTTON_NEXT_QUESTION_SELECTOR).click();\ncy.get(WRONG_ALTERNATIVES_SELECTOR).first().click();\ncy.get(BUTTON_NEXT_QUESTION_SELECTOR).click();\ncy.get(WRONG_ALTERNATIVES_SELECTOR).first().click();\ncy.get(BUTTON_NEXT_QUESTION_SELECTOR).click();\ncy.get(WRONG_ALTERNATIVES_SELECTOR).first().click().then(function () {\n  var after = JSON.parse(localStorage.getItem(LOCAL_STORAGE_STATE_KEY));\n  expect(before.player.score).to.be.eq(after.player.score);\n});",
              "err": {},
              "uuid": "f96ae9a7-2bea-4238-9c7e-f9bdef0a7428",
              "parentUUID": "8eee287d-9f5b-452b-9fb9-4f075cb6603d",
              "isHook": false,
              "skipped": false
            },
            {
              "title": "Redireciona para a tela de _feedback_ após a quinta pergunta",
              "fullTitle": "11 - [TELA DE JOGO] Desenvolva o jogo de forma que a pessoa que joga deve responder 5 perguntas no total Redireciona para a tela de _feedback_ após a quinta pergunta",
              "timedOut": null,
              "duration": 3256,
              "state": "passed",
              "speed": "slow",
              "pass": true,
              "fail": false,
              "pending": false,
              "context": null,
              "code": "cy.get(CORRECT_ALTERNATIVE_SELECTOR).click();\ncy.get(BUTTON_NEXT_QUESTION_SELECTOR).click();\ncy.get(CORRECT_ALTERNATIVE_SELECTOR).click();\ncy.get(BUTTON_NEXT_QUESTION_SELECTOR).click();\ncy.get(CORRECT_ALTERNATIVE_SELECTOR).click();\ncy.get(BUTTON_NEXT_QUESTION_SELECTOR).click();\ncy.get(CORRECT_ALTERNATIVE_SELECTOR).click();\ncy.get(BUTTON_NEXT_QUESTION_SELECTOR).click();\ncy.get(CORRECT_ALTERNATIVE_SELECTOR).click();\ncy.get(BUTTON_NEXT_QUESTION_SELECTOR).click();\ncy.get(FEEDBACK_TEXT_SELECTOR).should('exist');",
              "err": {},
              "uuid": "34362679-6bce-458b-8cea-9824b2b38ff0",
              "parentUUID": "8eee287d-9f5b-452b-9fb9-4f075cb6603d",
              "isHook": false,
              "skipped": false
            }
          ],
          "suites": [],
          "passes": [
            "18da255c-26c8-4dbd-aeca-61c1509d20aa",
            "f96ae9a7-2bea-4238-9c7e-f9bdef0a7428",
            "34362679-6bce-458b-8cea-9824b2b38ff0"
          ],
          "failures": [],
          "pending": [],
          "skipped": [],
          "duration": 9026,
          "root": false,
          "rootEmpty": false,
          "_timeout": 2000
        },
        {
          "uuid": "5be88639-53c9-4ebe-ae73-ef6bc5a938d5",
          "title": "12 - [TELA DE FEEDBACK] Desenvolva o header de _feedback_ que deve conter as informações da pessoa jogadora",
          "fullFile": "",
          "file": "",
          "beforeHooks": [],
          "afterHooks": [],
          "tests": [
            {
              "title": "A imagem do Gravatar está presente no header",
              "fullTitle": "12 - [TELA DE FEEDBACK] Desenvolva o header de _feedback_ que deve conter as informações da pessoa jogadora A imagem do Gravatar está presente no header",
              "timedOut": null,
              "duration": 3167,
              "state": "passed",
              "speed": "slow",
              "pass": true,
              "fail": false,
              "pending": false,
              "context": null,
              "code": "cy.get(HEADER_IMAGE_SELECTOR).should('exist');",
              "err": {},
              "uuid": "5eca38ee-73a8-4fa7-a56c-8838785ceb5c",
              "parentUUID": "5be88639-53c9-4ebe-ae73-ef6bc5a938d5",
              "isHook": false,
              "skipped": false
            },
            {
              "title": "O nome da pessoa está presente no header",
              "fullTitle": "12 - [TELA DE FEEDBACK] Desenvolva o header de _feedback_ que deve conter as informações da pessoa jogadora O nome da pessoa está presente no header",
              "timedOut": null,
              "duration": 3348,
              "state": "passed",
              "speed": "slow",
              "pass": true,
              "fail": false,
              "pending": false,
              "context": null,
              "code": "cy.get(HEADER_NAME_SELECTOR).contains(name);",
              "err": {},
              "uuid": "d247fbb5-51a4-4387-b685-4ed12d0ad07d",
              "parentUUID": "5be88639-53c9-4ebe-ae73-ef6bc5a938d5",
              "isHook": false,
              "skipped": false
            },
            {
              "title": "O placar com o valor atual está presente no header",
              "fullTitle": "12 - [TELA DE FEEDBACK] Desenvolva o header de _feedback_ que deve conter as informações da pessoa jogadora O placar com o valor atual está presente no header",
              "timedOut": null,
              "duration": 3095,
              "state": "passed",
              "speed": "slow",
              "pass": true,
              "fail": false,
              "pending": false,
              "context": null,
              "code": "cy.get(HEADER_SCORE_SELECTOR).should(function ($el) {\n  var state = JSON.parse(localStorage.getItem(LOCAL_STORAGE_STATE_KEY));\n  expect(parseInt($el.text())).to.be.eq(state.player.score);\n});",
              "err": {},
              "uuid": "d9f37db8-b1cb-4af2-a893-7d7a63e8a4a3",
              "parentUUID": "5be88639-53c9-4ebe-ae73-ef6bc5a938d5",
              "isHook": false,
              "skipped": false
            }
          ],
          "suites": [],
          "passes": [
            "5eca38ee-73a8-4fa7-a56c-8838785ceb5c",
            "d247fbb5-51a4-4387-b685-4ed12d0ad07d",
            "d9f37db8-b1cb-4af2-a893-7d7a63e8a4a3"
          ],
          "failures": [],
          "pending": [],
          "skipped": [],
          "duration": 9610,
          "root": false,
          "rootEmpty": false,
          "_timeout": 2000
        },
        {
          "uuid": "5032bcf2-7ce3-464e-b77d-3883e7b59e16",
          "title": "13 - [TELA DE FEEDBACK] Crie a mensagem de _feedback_ para ser exibida a pessoa usuária",
          "fullFile": "",
          "file": "",
          "beforeHooks": [],
          "afterHooks": [],
          "tests": [
            {
              "title": "Acertou menos de 3 perguntas",
              "fullTitle": "13 - [TELA DE FEEDBACK] Crie a mensagem de _feedback_ para ser exibida a pessoa usuária Acertou menos de 3 perguntas",
              "timedOut": null,
              "duration": 3131,
              "state": "passed",
              "speed": "slow",
              "pass": true,
              "fail": false,
              "pending": false,
              "context": null,
              "code": "cy.get(CORRECT_ALTERNATIVE_SELECTOR).click();\ncy.get(BUTTON_NEXT_QUESTION_SELECTOR).click();\ncy.get(CORRECT_ALTERNATIVE_SELECTOR).click();\ncy.get(BUTTON_NEXT_QUESTION_SELECTOR).click();\ncy.get(WRONG_ALTERNATIVES_SELECTOR).first().click();\ncy.get(BUTTON_NEXT_QUESTION_SELECTOR).click();\ncy.get(WRONG_ALTERNATIVES_SELECTOR).first().click();\ncy.get(BUTTON_NEXT_QUESTION_SELECTOR).click();\ncy.get(WRONG_ALTERNATIVES_SELECTOR).first().click();\ncy.get(BUTTON_NEXT_QUESTION_SELECTOR).click();\ncy.get(FEEDBACK_TEXT_SELECTOR).contains('Podia ser melhor...');",
              "err": {},
              "uuid": "0dcb31cf-2110-4afd-ace0-188bf1955934",
              "parentUUID": "5032bcf2-7ce3-464e-b77d-3883e7b59e16",
              "isHook": false,
              "skipped": false
            },
            {
              "title": "Acertou 3 perguntas",
              "fullTitle": "13 - [TELA DE FEEDBACK] Crie a mensagem de _feedback_ para ser exibida a pessoa usuária Acertou 3 perguntas",
              "timedOut": null,
              "duration": 3121,
              "state": "passed",
              "speed": "slow",
              "pass": true,
              "fail": false,
              "pending": false,
              "context": null,
              "code": "cy.get(WRONG_ALTERNATIVES_SELECTOR).first().click();\ncy.get(BUTTON_NEXT_QUESTION_SELECTOR).click();\ncy.get(CORRECT_ALTERNATIVE_SELECTOR).click();\ncy.get(BUTTON_NEXT_QUESTION_SELECTOR).click();\ncy.get(WRONG_ALTERNATIVES_SELECTOR).first().click();\ncy.get(BUTTON_NEXT_QUESTION_SELECTOR).click();\ncy.get(CORRECT_ALTERNATIVE_SELECTOR).first().click();\ncy.get(BUTTON_NEXT_QUESTION_SELECTOR).click();\ncy.get(CORRECT_ALTERNATIVE_SELECTOR).click();\ncy.get(BUTTON_NEXT_QUESTION_SELECTOR).click();\ncy.get(FEEDBACK_TEXT_SELECTOR).contains('Mandou bem!');",
              "err": {},
              "uuid": "40b825c8-2caa-403d-a0e5-80bc736087ed",
              "parentUUID": "5032bcf2-7ce3-464e-b77d-3883e7b59e16",
              "isHook": false,
              "skipped": false
            },
            {
              "title": "Acertou mais de 3 perguntas",
              "fullTitle": "13 - [TELA DE FEEDBACK] Crie a mensagem de _feedback_ para ser exibida a pessoa usuária Acertou mais de 3 perguntas",
              "timedOut": null,
              "duration": 3236,
              "state": "passed",
              "speed": "slow",
              "pass": true,
              "fail": false,
              "pending": false,
              "context": null,
              "code": "cy.get(CORRECT_ALTERNATIVE_SELECTOR).click();\ncy.get(BUTTON_NEXT_QUESTION_SELECTOR).click();\ncy.get(CORRECT_ALTERNATIVE_SELECTOR).click();\ncy.get(BUTTON_NEXT_QUESTION_SELECTOR).click();\ncy.get(WRONG_ALTERNATIVES_SELECTOR).first().click();\ncy.get(BUTTON_NEXT_QUESTION_SELECTOR).click();\ncy.get(CORRECT_ALTERNATIVE_SELECTOR).click();\ncy.get(BUTTON_NEXT_QUESTION_SELECTOR).click();\ncy.get(CORRECT_ALTERNATIVE_SELECTOR).click();\ncy.get(BUTTON_NEXT_QUESTION_SELECTOR).click();\ncy.get(FEEDBACK_TEXT_SELECTOR).contains('Mandou bem!');",
              "err": {},
              "uuid": "03f58e19-5688-4355-a8f9-ea658128d7f4",
              "parentUUID": "5032bcf2-7ce3-464e-b77d-3883e7b59e16",
              "isHook": false,
              "skipped": false
            }
          ],
          "suites": [],
          "passes": [
            "0dcb31cf-2110-4afd-ace0-188bf1955934",
            "40b825c8-2caa-403d-a0e5-80bc736087ed",
            "03f58e19-5688-4355-a8f9-ea658128d7f4"
          ],
          "failures": [],
          "pending": [],
          "skipped": [],
          "duration": 9488,
          "root": false,
          "rootEmpty": false,
          "_timeout": 2000
        },
        {
          "uuid": "12e6e03b-dd5b-4484-af95-c386d28e5748",
          "title": "14 - [TELA DE FEEDBACK] Exiba as informações relacionadas aos resultados obtidos para a pessoa usuária",
          "fullFile": "",
          "file": "",
          "beforeHooks": [],
          "afterHooks": [],
          "tests": [
            {
              "title": "Não acertou nenhuma pergunta",
              "fullTitle": "14 - [TELA DE FEEDBACK] Exiba as informações relacionadas aos resultados obtidos para a pessoa usuária Não acertou nenhuma pergunta",
              "timedOut": null,
              "duration": 3032,
              "state": "passed",
              "speed": "slow",
              "pass": true,
              "fail": false,
              "pending": false,
              "context": null,
              "code": "cy.get(WRONG_ALTERNATIVES_SELECTOR).first().click();\ncy.get(BUTTON_NEXT_QUESTION_SELECTOR).click();\ncy.get(WRONG_ALTERNATIVES_SELECTOR).first().click();\ncy.get(BUTTON_NEXT_QUESTION_SELECTOR).click();\ncy.get(WRONG_ALTERNATIVES_SELECTOR).first().click();\ncy.get(BUTTON_NEXT_QUESTION_SELECTOR).click();\ncy.get(WRONG_ALTERNATIVES_SELECTOR).first().click();\ncy.get(BUTTON_NEXT_QUESTION_SELECTOR).click();\ncy.get(WRONG_ALTERNATIVES_SELECTOR).first().click();\ncy.get(BUTTON_NEXT_QUESTION_SELECTOR).click();\ncy.get(FEEDBACK_TOTAL_SCORE_SELECTOR).should(function ($el) {\n  var state = JSON.parse(localStorage.getItem(LOCAL_STORAGE_STATE_KEY));\n  expect(parseInt($el.text())).to.be.eq(state.player.score);\n});\ncy.get(FEEDBACK_TOTAL_QUESTION_SELECTOR).should(function ($el) {\n  var state = JSON.parse(localStorage.getItem(LOCAL_STORAGE_STATE_KEY));\n  expect(parseInt($el.text())).to.be.eq(state.player.assertions);\n});",
              "err": {},
              "uuid": "d5855f79-3dd1-43c3-8e8d-bcf1e4ef1b5d",
              "parentUUID": "12e6e03b-dd5b-4484-af95-c386d28e5748",
              "isHook": false,
              "skipped": false
            },
            {
              "title": "Acertou 2 perguntas",
              "fullTitle": "14 - [TELA DE FEEDBACK] Exiba as informações relacionadas aos resultados obtidos para a pessoa usuária Acertou 2 perguntas",
              "timedOut": null,
              "duration": 2856,
              "state": "passed",
              "speed": "slow",
              "pass": true,
              "fail": false,
              "pending": false,
              "context": null,
              "code": "cy.get(CORRECT_ALTERNATIVE_SELECTOR).click();\ncy.get(BUTTON_NEXT_QUESTION_SELECTOR).click();\ncy.get(CORRECT_ALTERNATIVE_SELECTOR).click();\ncy.get(BUTTON_NEXT_QUESTION_SELECTOR).click();\ncy.get(WRONG_ALTERNATIVES_SELECTOR).first().click();\ncy.get(BUTTON_NEXT_QUESTION_SELECTOR).click();\ncy.get(WRONG_ALTERNATIVES_SELECTOR).first().click();\ncy.get(BUTTON_NEXT_QUESTION_SELECTOR).click();\ncy.get(WRONG_ALTERNATIVES_SELECTOR).first().click();\ncy.get(BUTTON_NEXT_QUESTION_SELECTOR).click();\ncy.get(FEEDBACK_TOTAL_SCORE_SELECTOR).should(function ($el) {\n  var state = JSON.parse(localStorage.getItem(LOCAL_STORAGE_STATE_KEY));\n  expect(parseInt($el.text())).to.be.eq(state.player.score);\n});\ncy.get(FEEDBACK_TOTAL_QUESTION_SELECTOR).should(function ($el) {\n  var state = JSON.parse(localStorage.getItem(LOCAL_STORAGE_STATE_KEY));\n  expect(parseInt($el.text())).to.be.eq(state.player.assertions);\n});",
              "err": {},
              "uuid": "ae528e17-16f2-408a-9a55-965d8c3b066a",
              "parentUUID": "12e6e03b-dd5b-4484-af95-c386d28e5748",
              "isHook": false,
              "skipped": false
            },
            {
              "title": "Acertou 4 perguntas",
              "fullTitle": "14 - [TELA DE FEEDBACK] Exiba as informações relacionadas aos resultados obtidos para a pessoa usuária Acertou 4 perguntas",
              "timedOut": null,
              "duration": 2830,
              "state": "passed",
              "speed": "slow",
              "pass": true,
              "fail": false,
              "pending": false,
              "context": null,
              "code": "cy.get(CORRECT_ALTERNATIVE_SELECTOR).click();\ncy.get(BUTTON_NEXT_QUESTION_SELECTOR).click();\ncy.get(CORRECT_ALTERNATIVE_SELECTOR).click();\ncy.get(BUTTON_NEXT_QUESTION_SELECTOR).click();\ncy.get(CORRECT_ALTERNATIVE_SELECTOR).click();\ncy.get(BUTTON_NEXT_QUESTION_SELECTOR).click();\ncy.get(WRONG_ALTERNATIVES_SELECTOR).first().click();\ncy.get(BUTTON_NEXT_QUESTION_SELECTOR).click();\ncy.get(CORRECT_ALTERNATIVE_SELECTOR).click();\ncy.get(BUTTON_NEXT_QUESTION_SELECTOR).click();\ncy.get(FEEDBACK_TOTAL_SCORE_SELECTOR).should(function ($el) {\n  var state = JSON.parse(localStorage.getItem(LOCAL_STORAGE_STATE_KEY));\n  expect(parseInt($el.text())).to.be.eq(state.player.score);\n});\ncy.get(FEEDBACK_TOTAL_QUESTION_SELECTOR).should(function ($el) {\n  var state = JSON.parse(localStorage.getItem(LOCAL_STORAGE_STATE_KEY));\n  expect(parseInt($el.text())).to.be.eq(state.player.assertions);\n});",
              "err": {},
              "uuid": "0783e22e-2490-4222-87c6-5774ec972bd2",
              "parentUUID": "12e6e03b-dd5b-4484-af95-c386d28e5748",
              "isHook": false,
              "skipped": false
            }
          ],
          "suites": [],
          "passes": [
            "d5855f79-3dd1-43c3-8e8d-bcf1e4ef1b5d",
            "ae528e17-16f2-408a-9a55-965d8c3b066a",
            "0783e22e-2490-4222-87c6-5774ec972bd2"
          ],
          "failures": [],
          "pending": [],
          "skipped": [],
          "duration": 8718,
          "root": false,
          "rootEmpty": false,
          "_timeout": 2000
        },
        {
          "uuid": "247b02df-80f3-46f8-b617-cdf3eef8b6f0",
          "title": "15 - [TELA DE FEEDBACK] Crie a opção para a pessoa jogadora poder jogar novamente",
          "fullFile": "",
          "file": "",
          "beforeHooks": [],
          "afterHooks": [],
          "tests": [
            {
              "title": "A pessoa deve ser redirecionada para tela inicial",
              "fullTitle": "15 - [TELA DE FEEDBACK] Crie a opção para a pessoa jogadora poder jogar novamente A pessoa deve ser redirecionada para tela inicial",
              "timedOut": null,
              "duration": 3506,
              "state": "passed",
              "speed": "slow",
              "pass": true,
              "fail": false,
              "pending": false,
              "context": null,
              "code": "cy.get(BUTTON_PLAY_AGAIN_SELECTOR).click();\ncy.get(INPUT_PLAYER_EMAIL_SELECTOR).should('exist');",
              "err": {},
              "uuid": "aa7347e3-357c-4e03-a3b9-7deed45d089c",
              "parentUUID": "247b02df-80f3-46f8-b617-cdf3eef8b6f0",
              "isHook": false,
              "skipped": false
            }
          ],
          "suites": [],
          "passes": [
            "aa7347e3-357c-4e03-a3b9-7deed45d089c"
          ],
          "failures": [],
          "pending": [],
          "skipped": [],
          "duration": 3506,
          "root": false,
          "rootEmpty": false,
          "_timeout": 2000
        },
        {
          "uuid": "c0a173c0-b27d-4d37-a540-27eb8e4f0baa",
          "title": "16 - [TELA DE FEEDBACK] Crie a opção para a pessoa jogadora poder visualizar a tela de _ranking_",
          "fullFile": "",
          "file": "",
          "beforeHooks": [],
          "afterHooks": [],
          "tests": [
            {
              "title": "A pessoa deve ser redirecionada para tela de ranking",
              "fullTitle": "16 - [TELA DE FEEDBACK] Crie a opção para a pessoa jogadora poder visualizar a tela de _ranking_ A pessoa deve ser redirecionada para tela de ranking",
              "timedOut": null,
              "duration": 3016,
              "state": "passed",
              "speed": "slow",
              "pass": true,
              "fail": false,
              "pending": false,
              "context": null,
              "code": "cy.get(BUTTON_RANKING_SELECTOR).click();\ncy.get(RANKING_TITLE_SELECTOR).should('exist');",
              "err": {},
              "uuid": "7f1c3e5a-d892-46ad-9a97-33fa012443bf",
              "parentUUID": "c0a173c0-b27d-4d37-a540-27eb8e4f0baa",
              "isHook": false,
              "skipped": false
            }
          ],
          "suites": [],
          "passes": [
            "7f1c3e5a-d892-46ad-9a97-33fa012443bf"
          ],
          "failures": [],
          "pending": [],
          "skipped": [],
          "duration": 3016,
          "root": false,
          "rootEmpty": false,
          "_timeout": 2000
        },
        {
          "uuid": "84facce3-b1b9-4aa8-b4be-5d5bdc1d8430",
          "title": "17 - [TELA DE RANKING] Crie a tela de _ranking_",
          "fullFile": "",
          "file": "",
          "beforeHooks": [],
          "afterHooks": [],
          "tests": [
            {
              "title": "Deve existir uma pessoa no _ranking_",
              "fullTitle": "17 - [TELA DE RANKING] Crie a tela de _ranking_ Deve existir uma pessoa no _ranking_",
              "timedOut": null,
              "duration": 3281,
              "state": "passed",
              "speed": "slow",
              "pass": true,
              "fail": false,
              "pending": false,
              "context": null,
              "code": "cy.get(RANKING_PLAYERS_NAME_SELECTOR).should(function ($el) {\n  expect($el).to.have.lengthOf(1);\n});",
              "err": {},
              "uuid": "62c12724-f8f8-4d38-8e65-f6d8f22f06b6",
              "parentUUID": "84facce3-b1b9-4aa8-b4be-5d5bdc1d8430",
              "isHook": false,
              "skipped": false
            },
            {
              "title": "Devem existir duas pessoas no _ranking_",
              "fullTitle": "17 - [TELA DE RANKING] Crie a tela de _ranking_ Devem existir duas pessoas no _ranking_",
              "timedOut": null,
              "duration": 7047,
              "state": "passed",
              "speed": "slow",
              "pass": true,
              "fail": false,
              "pending": false,
              "context": null,
              "code": "cy.get(BUTTON_GO_HOME_SELECTOR).click();\ncy.get(INPUT_PLAYER_NAME_SELECTOR).clear();\ncy.get(INPUT_PLAYER_EMAIL_SELECTOR).clear();\ncy.get(INPUT_PLAYER_NAME_SELECTOR).type(name2);\ncy.get(INPUT_PLAYER_EMAIL_SELECTOR).type(email2);\ncy.get(BUTTON_PLAY_SELECTOR).click();\ncy.get(CORRECT_ALTERNATIVE_SELECTOR).click();\ncy.get(BUTTON_NEXT_QUESTION_SELECTOR).click();\ncy.get(CORRECT_ALTERNATIVE_SELECTOR).click();\ncy.get(BUTTON_NEXT_QUESTION_SELECTOR).click();\ncy.get(CORRECT_ALTERNATIVE_SELECTOR).click();\ncy.get(BUTTON_NEXT_QUESTION_SELECTOR).click();\ncy.get(CORRECT_ALTERNATIVE_SELECTOR).click();\ncy.get(BUTTON_NEXT_QUESTION_SELECTOR).click();\ncy.get(CORRECT_ALTERNATIVE_SELECTOR).click();\ncy.get(BUTTON_NEXT_QUESTION_SELECTOR).click();\ncy.get(BUTTON_RANKING_SELECTOR).click();\ncy.get(RANKING_PLAYERS_NAME_SELECTOR).should(function ($el) {\n  expect($el).to.have.lengthOf(2);\n});",
              "err": {},
              "uuid": "5e451c4f-4184-4185-ac90-35f22a7901d2",
              "parentUUID": "84facce3-b1b9-4aa8-b4be-5d5bdc1d8430",
              "isHook": false,
              "skipped": false
            },
            {
              "title": "O _ranking_ deve ser ordenado pela pontuação",
              "fullTitle": "17 - [TELA DE RANKING] Crie a tela de _ranking_ O _ranking_ deve ser ordenado pela pontuação",
              "timedOut": null,
              "duration": 10636,
              "state": "passed",
              "speed": "slow",
              "pass": true,
              "fail": false,
              "pending": false,
              "context": null,
              "code": "cy.get(BUTTON_GO_HOME_SELECTOR).click();\ncy.get(INPUT_PLAYER_NAME_SELECTOR).clear();\ncy.get(INPUT_PLAYER_EMAIL_SELECTOR).clear();\ncy.get(INPUT_PLAYER_NAME_SELECTOR).type(name2);\ncy.get(INPUT_PLAYER_EMAIL_SELECTOR).type(email2);\ncy.get(BUTTON_PLAY_SELECTOR).click();\ncy.get(WRONG_ALTERNATIVES_SELECTOR).first().click();\ncy.get(BUTTON_NEXT_QUESTION_SELECTOR).click();\ncy.get(WRONG_ALTERNATIVES_SELECTOR).first().click();\ncy.get(BUTTON_NEXT_QUESTION_SELECTOR).click();\ncy.get(WRONG_ALTERNATIVES_SELECTOR).first().click();\ncy.get(BUTTON_NEXT_QUESTION_SELECTOR).click();\ncy.get(WRONG_ALTERNATIVES_SELECTOR).first().click();\ncy.get(BUTTON_NEXT_QUESTION_SELECTOR).click();\ncy.get(WRONG_ALTERNATIVES_SELECTOR).first().click();\ncy.get(BUTTON_NEXT_QUESTION_SELECTOR).click();\ncy.get(BUTTON_RANKING_SELECTOR).click();\ncy.get(BUTTON_GO_HOME_SELECTOR).click();\ncy.get(INPUT_PLAYER_NAME_SELECTOR).clear();\ncy.get(INPUT_PLAYER_EMAIL_SELECTOR).clear();\ncy.get(INPUT_PLAYER_NAME_SELECTOR).type(name3);\ncy.get(INPUT_PLAYER_EMAIL_SELECTOR).type(email3);\ncy.get(BUTTON_PLAY_SELECTOR).click();\ncy.get(CORRECT_ALTERNATIVE_SELECTOR).click();\ncy.get(BUTTON_NEXT_QUESTION_SELECTOR).click();\ncy.get(WRONG_ALTERNATIVES_SELECTOR).first().click();\ncy.get(BUTTON_NEXT_QUESTION_SELECTOR).click();\ncy.get(WRONG_ALTERNATIVES_SELECTOR).first().click();\ncy.get(BUTTON_NEXT_QUESTION_SELECTOR).click();\ncy.get(WRONG_ALTERNATIVES_SELECTOR).first().click();\ncy.get(BUTTON_NEXT_QUESTION_SELECTOR).click();\ncy.get(WRONG_ALTERNATIVES_SELECTOR).first().click();\ncy.get(BUTTON_NEXT_QUESTION_SELECTOR).click();\ncy.get(BUTTON_RANKING_SELECTOR).click();\nvar ranking = [name1, name3, name2];\ncy.get(RANKING_PLAYERS_NAME_SELECTOR).should(function ($el) {\n  expect($el).to.have.lengthOf(3);\n});\ncy.get(RANKING_PLAYERS_NAME_SELECTOR).each(function ($el, $index) {\n  expect($el.text()).to.be.eq(ranking[$index]);\n});",
              "err": {},
              "uuid": "c5335224-827b-4a2d-a1de-c0549f16d0b3",
              "parentUUID": "84facce3-b1b9-4aa8-b4be-5d5bdc1d8430",
              "isHook": false,
              "skipped": false
            }
          ],
          "suites": [],
          "passes": [
            "62c12724-f8f8-4d38-8e65-f6d8f22f06b6",
            "5e451c4f-4184-4185-ac90-35f22a7901d2",
            "c5335224-827b-4a2d-a1de-c0549f16d0b3"
          ],
          "failures": [],
          "pending": [],
          "skipped": [],
          "duration": 20964,
          "root": false,
          "rootEmpty": false,
          "_timeout": 2000
        },
        {
          "uuid": "551bfe59-c43d-4880-991c-6459a93d4875",
          "title": "18 - [TELA DE RANKING] Crie um botão para ir ao início",
          "fullFile": "",
          "file": "",
          "beforeHooks": [],
          "afterHooks": [],
          "tests": [
            {
              "title": "Volta para a tela inicial",
              "fullTitle": "18 - [TELA DE RANKING] Crie um botão para ir ao início Volta para a tela inicial",
              "timedOut": null,
              "duration": 3636,
              "state": "passed",
              "speed": "slow",
              "pass": true,
              "fail": false,
              "pending": false,
              "context": null,
              "code": "cy.visit('http://localhost:3000/');\ncy.clearLocalStorage();\ncy.get(INPUT_PLAYER_NAME_SELECTOR).type(name1);\ncy.get(INPUT_PLAYER_EMAIL_SELECTOR).type(email1);\ncy.get(BUTTON_PLAY_SELECTOR).click();\ncy.get(CORRECT_ALTERNATIVE_SELECTOR).click();\ncy.get(BUTTON_NEXT_QUESTION_SELECTOR).click();\ncy.get(CORRECT_ALTERNATIVE_SELECTOR).click();\ncy.get(BUTTON_NEXT_QUESTION_SELECTOR).click();\ncy.get(CORRECT_ALTERNATIVE_SELECTOR).click();\ncy.get(BUTTON_NEXT_QUESTION_SELECTOR).click();\ncy.get(CORRECT_ALTERNATIVE_SELECTOR).click();\ncy.get(BUTTON_NEXT_QUESTION_SELECTOR).click();\ncy.get(CORRECT_ALTERNATIVE_SELECTOR).click();\ncy.get(BUTTON_NEXT_QUESTION_SELECTOR).click();\ncy.get(BUTTON_RANKING_SELECTOR).click();\ncy.get(BUTTON_GO_HOME_SELECTOR).click();\ncy.get(INPUT_PLAYER_EMAIL_SELECTOR).should('exist');",
              "err": {},
              "uuid": "ac7f4699-ba41-4cb4-88ab-0de92977092f",
              "parentUUID": "551bfe59-c43d-4880-991c-6459a93d4875",
              "isHook": false,
              "skipped": false
            }
          ],
          "suites": [],
          "passes": [
            "ac7f4699-ba41-4cb4-88ab-0de92977092f"
          ],
          "failures": [],
          "pending": [],
          "skipped": [],
          "duration": 3636,
          "root": false,
          "rootEmpty": false,
          "_timeout": 2000
        }
      ],
      "passes": [],
      "failures": [],
      "pending": [],
      "skipped": [],
      "duration": 0,
      "root": true,
      "rootEmpty": true,
      "_timeout": 2000
    }
  ],
  "meta": {
    "mocha": {
      "version": "7.2.0"
    },
    "mochawesome": {
      "options": {
        "quiet": false,
        "reportFilename": "mochawesome",
        "saveHtml": false,
        "saveJson": true,
        "consoleReporter": "spec",
        "useInlineDiffs": false,
        "code": true
      },
      "version": "6.1.1"
    },
    "marge": {
      "options": {
        "id": "default",
        "reportDir": "cypress/reports",
        "overwrite": true,
        "html": false,
        "json": true
      },
      "version": "5.1.0"
    }
  }
}